<?xml version="1.0" encoding="UTF-8"?>
<!-- Generated by org.testng.reporters.JUnitReportReporter -->
<testsuite hostname="TYSS-Rakesh-B" failures="0" tests="1" name="com.vtiger.testcase.organization.VT_Organization2" time="6.192" errors="0" timestamp="2024-08-01T11:08:35 IST" skipped="0">
  <testcase classname="com.vtiger.testcase.organization.VT_Organization2" name="verify_Organization_Page_Is_Displayed2" time="6.192">
    <system-out>
      <![CDATA[Organization Page Displayed]]>
    </system-out>
  </testcase> <!-- verify_Organization_Page_Is_Displayed2 -->
  <system-out>
    <![CDATA[Organization Page Displayed
Organization Page Displayed]]>
  </system-out>
</testsuite> <!-- com.vtiger.testcase.organization.VT_Organization2 -->
