<?xml version="1.0" encoding="UTF-8"?>
<!-- Generated by org.testng.reporters.JUnitReportReporter -->
<testsuite hostname="TYSS-Rakesh-B" failures="0" tests="1" name="com.vtiger.testcase.organization.VT_Organization001" time="6.330" errors="0" timestamp="2024-08-01T11:08:35 IST" skipped="0">
  <testcase classname="com.vtiger.testcase.organization.VT_Organization001" name="verify_Organization_Page_Is_Displayed" time="6.330">
    <system-out>
      <![CDATA[Organization Page Displayed]]>
    </system-out>
  </testcase> <!-- verify_Organization_Page_Is_Displayed -->
  <system-out>
    <![CDATA[Organization Page Displayed
Organization Page Displayed]]>
  </system-out>
</testsuite> <!-- com.vtiger.testcase.organization.VT_Organization001 -->
