<?xml version="1.0" encoding="UTF-8"?>
<!-- Generated by org.testng.reporters.JUnitReportReporter -->
<testsuite hostname="MANIBADRA" failures="0" tests="1" name="com.vtiger.testcase.organization.VT_Organization001" time="5.252" errors="0" timestamp="2024-08-05T16:26:20 IST" skipped="0">
  <testcase classname="com.vtiger.testcase.organization.VT_Organization001" name="verify_Organization_Page_Is_Displayed" time="5.252">
    <system-out>
      <![CDATA[Organization Page Displayed]]>
    </system-out>
  </testcase> <!-- verify_Organization_Page_Is_Displayed -->
  <system-out>
    <![CDATA[Organization Page Displayed]]>
  </system-out>
</testsuite> <!-- com.vtiger.testcase.organization.VT_Organization001 -->
